<?xml version="1.0" encoding="UTF-8"?>
<testsuite xmlns:xsi="http://www.w3.org/2001/XMLSchema-instance" xsi:noNamespaceSchemaLocation="https://maven.apache.org/surefire/maven-surefire-plugin/xsd/surefire-test-report.xsd" name="io.swagger.api.ApplySpecialApiControllerTest" time="29.819" tests="4" errors="0" skipped="0" failures="1">
  <properties>
[...]
</properties>
  <testcase name="testApplySpecial_Success" classname="io.swagger.api.ApplySpecialApiControllerTest" time="0.407">
    <failure type="junit.framework.AssertionFailedError">junit.framework.AssertionFailedError
	at io.swagger.api.ApplySpecialApiControllerTest.testApplySpecial_Success(ApplySpecialApiControllerTest.java:70)
</failure>
    <system-out><![CDATA[22:08:26.543 [main] DEBUG org.springframework.test.context.junit4.SpringJUnit4ClassRunner - SpringJUnit4ClassRunner constructor called with [class io.swagger.api.ApplySpecialApiControllerTest]
22:08:26.554 [main] DEBUG org.springframework.test.context.BootstrapUtils - Instantiating CacheAwareContextLoaderDelegate from class [org.springframework.test.context.cache.DefaultCacheAwareContextLoaderDelegate]
22:08:26.578 [main] DEBUG org.springframework.test.context.BootstrapUtils - Instantiating BootstrapContext using constructor [public org.springframework.test.context.support.DefaultBootstrapContext(java.lang.Class,org.springframework.test.context.CacheAwareContextLoaderDelegate)]
22:08:26.637 [main] DEBUG org.springframework.test.context.BootstrapUtils - Instantiating TestContextBootstrapper for test class [io.swagger.api.ApplySpecialApiControllerTest] from class [org.springframework.boot.test.context.SpringBootTestContextBootstrapper]
22:08:26.663 [main] INFO org.springframework.boot.test.context.SpringBootTestContextBootstrapper - Neither @ContextConfiguration nor @ContextHierarchy found for test class [io.swagger.api.ApplySpecialApiControllerTest], using SpringBootContextLoader
22:08:26.674 [main] DEBUG org.springframework.test.context.support.AbstractContextLoader - Did not detect default resource location for test class [io.swagger.api.ApplySpecialApiControllerTest]: class path resource [io/swagger/api/ApplySpecialApiControllerTest-context.xml] does not exist
22:08:26.674 [main] DEBUG org.springframework.test.context.support.AbstractContextLoader - Did not detect default resource location for test class [io.swagger.api.ApplySpecialApiControllerTest]: class path resource [io/swagger/api/ApplySpecialApiControllerTestContext.groovy] does not exist
22:08:26.676 [main] INFO org.springframework.test.context.support.AbstractContextLoader - Could not detect default resource locations for test class [io.swagger.api.ApplySpecialApiControllerTest]: no resource found for suffixes {-context.xml, Context.groovy}.
22:08:26.678 [main] INFO org.springframework.test.context.support.AnnotationConfigContextLoaderUtils - Could not detect default configuration classes for test class [io.swagger.api.ApplySpecialApiControllerTest]: ApplySpecialApiControllerTest does not declare any static, non-private, non-final, nested classes annotated with @Configuration.
22:08:27.024 [main] DEBUG org.springframework.context.annotation.ClassPathScanningCandidateComponentProvider - Identified candidate component class: file [/Users/yejeelee/Desktop/cs5500/pizza-paradise/target/classes/io/swagger/PizzaParadiseApplication.class]
22:08:27.029 [main] INFO org.springframework.boot.test.context.SpringBootTestContextBootstrapper - Found @SpringBootConfiguration io.swagger.PizzaParadiseApplication for test class io.swagger.api.ApplySpecialApiControllerTest
22:08:27.246 [main] DEBUG org.springframework.boot.test.context.SpringBootTestContextBootstrapper - @TestExecutionListeners is not present for class [io.swagger.api.ApplySpecialApiControllerTest]: using defaults.
22:08:27.247 [main] INFO org.springframework.boot.test.context.SpringBootTestContextBootstrapper - Loaded default TestExecutionListener class names from location [META-INF/spring.factories]: [org.springframework.boot.test.mock.mockito.MockitoTestExecutionListener, org.springframework.boot.test.mock.mockito.ResetMocksTestExecutionListener, org.springframework.boot.test.autoconfigure.restdocs.RestDocsTestExecutionListener, org.springframework.boot.test.autoconfigure.web.client.MockRestServiceServerResetTestExecutionListener, org.springframework.boot.test.autoconfigure.web.servlet.MockMvcPrintOnlyOnFailureTestExecutionListener, org.springframework.boot.test.autoconfigure.web.servlet.WebDriverTestExecutionListener, org.springframework.test.context.web.ServletTestExecutionListener, org.springframework.test.context.support.DirtiesContextBeforeModesTestExecutionListener, org.springframework.test.context.support.DependencyInjectionTestExecutionListener, org.springframework.test.context.support.DirtiesContextTestExecutionListener, org.springframework.test.context.transaction.TransactionalTestExecutionListener, org.springframework.test.context.jdbc.SqlScriptsTestExecutionListener]
22:08:27.288 [main] INFO org.springframework.boot.test.context.SpringBootTestContextBootstrapper - Using TestExecutionListeners: [org.springframework.test.context.web.ServletTestExecutionListener@76a1146d, org.springframework.test.context.support.DirtiesContextBeforeModesTestExecutionListener@6ef1c3f7, org.springframework.boot.test.mock.mockito.MockitoTestExecutionListener@3386c206, org.springframework.boot.test.autoconfigure.SpringBootDependencyInjectionTestExecutionListener@1322b575, org.springframework.test.context.support.DirtiesContextTestExecutionListener@6dded900, org.springframework.test.context.transaction.TransactionalTestExecutionListener@d504137, org.springframework.test.context.jdbc.SqlScriptsTestExecutionListener@8432469, org.springframework.boot.test.mock.mockito.ResetMocksTestExecutionListener@e4ca109, org.springframework.boot.test.autoconfigure.restdocs.RestDocsTestExecutionListener@15c16f19, org.springframework.boot.test.autoconfigure.web.client.MockRestServiceServerResetTestExecutionListener@1a17dd6f, org.springframework.boot.test.autoconfigure.web.servlet.MockMvcPrintOnlyOnFailureTestExecutionListener@be6d228, org.springframework.boot.test.autoconfigure.web.servlet.WebDriverTestExecutionListener@60c96eb4]
22:08:27.293 [main] DEBUG org.springframework.test.annotation.ProfileValueUtils - Retrieved @ProfileValueSourceConfiguration [null] for test class [io.swagger.api.ApplySpecialApiControllerTest]
22:08:27.295 [main] DEBUG org.springframework.test.annotation.ProfileValueUtils - Retrieved ProfileValueSource type [class org.springframework.test.annotation.SystemProfileValueSource] for class [io.swagger.api.ApplySpecialApiControllerTest]
22:08:27.302 [main] DEBUG org.springframework.test.annotation.ProfileValueUtils - Retrieved @ProfileValueSourceConfiguration [null] for test class [io.swagger.api.ApplySpecialApiControllerTest]
22:08:27.303 [main] DEBUG org.springframework.test.annotation.ProfileValueUtils - Retrieved ProfileValueSource type [class org.springframework.test.annotation.SystemProfileValueSource] for class [io.swagger.api.ApplySpecialApiControllerTest]
22:08:27.305 [main] DEBUG org.springframework.test.annotation.ProfileValueUtils - Retrieved @ProfileValueSourceConfiguration [null] for test class [io.swagger.api.ApplySpecialApiControllerTest]
22:08:27.305 [main] DEBUG org.springframework.test.annotation.ProfileValueUtils - Retrieved ProfileValueSource type [class org.springframework.test.annotation.SystemProfileValueSource] for class [io.swagger.api.ApplySpecialApiControllerTest]
22:08:27.339 [main] DEBUG org.springframework.test.context.support.AbstractDirtiesContextTestExecutionListener - Before test class: context [DefaultTestContext@1bb96449 testClass = ApplySpecialApiControllerTest, testInstance = [null], testMethod = [null], testException = [null], mergedContextConfiguration = [WebMergedContextConfiguration@26ffd2c0 testClass = ApplySpecialApiControllerTest, locations = '{}', classes = '{class io.swagger.PizzaParadiseApplication}', contextInitializerClasses = '[]', activeProfiles = '{test}', propertySourceLocations = '{classpath:/application-test.properties}', propertySourceProperties = '{org.springframework.boot.test.context.SpringBootTestContextBootstrapper=true}', contextCustomizers = set[[ImportsContextCustomizer@d28c214 key = [@org.springframework.boot.autoconfigure.AutoConfigurationPackage(), @org.springframework.test.context.ActiveProfiles(profiles=[], resolver=interface org.springframework.test.context.ActiveProfilesResolver, value=[test], inheritProfiles=true), @org.springframework.boot.test.context.SpringBootTest(webEnvironment=MOCK, value=[], properties=[], classes=[]), @org.springframework.boot.autoconfigure.EnableAutoConfiguration(exclude=[], excludeName=[]), @org.springframework.test.context.TestPropertySource(locations=[], value=[classpath:/application-test.properties], inheritProperties=true, inheritLocations=true, properties=[]), @org.springframework.context.annotation.Import(value=[class org.springframework.boot.autoconfigure.AutoConfigurationImportSelector]), @org.springframework.context.annotation.Import(value=[class org.springframework.boot.autoconfigure.AutoConfigurationPackages$Registrar]), @org.junit.runner.RunWith(value=class org.springframework.test.context.junit4.SpringJUnit4ClassRunner), @org.springframework.test.context.BootstrapWith(value=class org.springframework.boot.test.context.SpringBootTestContextBootstrapper)]], org.springframework.boot.test.context.filter.ExcludeFilterContextCustomizer@5df778c3, org.springframework.boot.test.json.DuplicateJsonObjectContextCustomizerFactory$DuplicateJsonObjectContextCustomizer@e57e5d6, org.springframework.boot.test.mock.mockito.MockitoContextCustomizer@0, org.springframework.boot.test.web.client.TestRestTemplateContextCustomizer@7d44a19, org.springframework.boot.test.autoconfigure.properties.PropertyMappingContextCustomizer@0, org.springframework.boot.test.autoconfigure.web.servlet.WebDriverContextCustomizerFactory$Customizer@272ce069], resourceBasePath = 'src/main/webapp', contextLoader = 'org.springframework.boot.test.context.SpringBootContextLoader', parent = [null]], attributes = map['org.springframework.test.context.web.ServletTestExecutionListener.activateListener' -> true]], class annotated with @DirtiesContext [false] with mode [null].
22:08:27.345 [main] DEBUG org.springframework.test.annotation.ProfileValueUtils - Retrieved @ProfileValueSourceConfiguration [null] for test class [io.swagger.api.ApplySpecialApiControllerTest]
22:08:27.345 [main] DEBUG org.springframework.test.annotation.ProfileValueUtils - Retrieved ProfileValueSource type [class org.springframework.test.annotation.SystemProfileValueSource] for class [io.swagger.api.ApplySpecialApiControllerTest]
22:08:27.419 [main] DEBUG org.springframework.test.context.support.TestPropertySourceUtils - Adding inlined properties to environment: {spring.jmx.enabled=false, org.springframework.boot.test.context.SpringBootTestContextBootstrapper=true, server.port=-1}

  .   ____          _            __ _ _
 /\\ / ___'_ __ _ _(_)_ __  __ _ \ \ \ \
( ( )\___ | '_ | '_| | '_ \/ _` | \ \ \ \
 \\/  ___)| |_)| | | | | || (_| |  ) ) ) )
  '  |____| .__|_| |_|_| |_\__, | / / / /
 =========|_|==============|___/=/_/_/_/
 :: Spring Boot ::        (v2.1.9.RELEASE)

2019-12-06 22:08:43.064  INFO 47556 --- [           main] i.s.api.ApplySpecialApiControllerTest    : Starting ApplySpecialApiControllerTest on Yejees-MacBook-Pro.local with PID 47556 (started by yejeelee in /Users/yejeelee/Desktop/cs5500/pizza-paradise)
2019-12-06 22:08:43.065  INFO 47556 --- [           main] i.s.api.ApplySpecialApiControllerTest    : The following profiles are active: test
2019-12-06 22:08:44.489  INFO 47556 --- [           main] .s.d.r.c.RepositoryConfigurationDelegate : Bootstrapping Spring Data repositories in DEFAULT mode.
2019-12-06 22:08:44.622  INFO 47556 --- [           main] .s.d.r.c.RepositoryConfigurationDelegate : Finished Spring Data repository scanning in 118ms. Found 7 repository interfaces.
2019-12-06 22:08:51.079  INFO 47556 --- [           main] org.mongodb.driver.cluster               : Cluster created with settings {hosts=[localhost:27017], mode=SINGLE, requiredClusterType=UNKNOWN, serverSelectionTimeout='30000 ms', maxWaitQueueSize=500}
2019-12-06 22:08:51.262  INFO 47556 --- [localhost:27017] org.mongodb.driver.connection            : Opened connection [connectionId{localValue:1, serverValue:43}] to localhost:27017
2019-12-06 22:08:51.284  INFO 47556 --- [localhost:27017] org.mongodb.driver.cluster               : Monitor thread successfully connected to server with description ServerDescription{address=localhost:27017, type=STANDALONE, state=CONNECTED, ok=true, version=ServerVersion{versionList=[4, 0, 10]}, minWireVersion=0, maxWireVersion=7, maxDocumentSize=16777216, logicalSessionTimeoutMinutes=30, roundTripTimeNanos=13389800}
2019-12-06 22:08:51.434  WARN 47556 --- [           main] o.s.data.convert.CustomConversions       : Registering converter from class java.time.LocalDateTime to class java.time.Instant as reading converter although it doesn't convert from a store-supported type! You might wanna check you annotation setup at the converter implementation.
2019-12-06 22:08:51.435  WARN 47556 --- [           main] o.s.data.convert.CustomConversions       : Registering converter from class java.time.Instant to class java.time.LocalDateTime as reading converter although it doesn't convert from a store-supported type! You might wanna check you annotation setup at the converter implementation.
2019-12-06 22:08:51.463  WARN 47556 --- [           main] o.s.data.convert.CustomConversions       : Registering converter from class java.time.LocalDateTime to class java.time.Instant as reading converter although it doesn't convert from a store-supported type! You might wanna check you annotation setup at the converter implementation.
2019-12-06 22:08:51.463  WARN 47556 --- [           main] o.s.data.convert.CustomConversions       : Registering converter from class java.time.Instant to class java.time.LocalDateTime as reading converter although it doesn't convert from a store-supported type! You might wanna check you annotation setup at the converter implementation.
2019-12-06 22:08:52.045  INFO 47556 --- [           main] m.c.i.MongoPersistentEntityIndexResolver : Found cycle for field 'name' in type 'Era' for path 'era -> sinceDate -> era'
2019-12-06 22:08:52.046  INFO 47556 --- [           main] m.c.i.MongoPersistentEntityIndexResolver : Found cycle for field 'name' in type 'Era' for path 'era -> sinceDate -> era'
2019-12-06 22:08:52.048  INFO 47556 --- [           main] m.c.i.MongoPersistentEntityIndexResolver : Found cycle for field 'era' in type 'CalendarDate' for path 'sinceDate -> era -> sinceDate'
2019-12-06 22:08:52.053  INFO 47556 --- [           main] m.c.i.MongoPersistentEntityIndexResolver : Found cycle for field 'sinceDate' in type 'Era' for path 'era -> sinceDate -> era'
2019-12-06 22:08:52.058  INFO 47556 --- [           main] m.c.i.MongoPersistentEntityIndexResolver : Found cycle for field 'era' in type 'CalendarDate' for path 'era -> sinceDate -> era'
2019-12-06 22:08:52.059  INFO 47556 --- [           main] m.c.i.MongoPersistentEntityIndexResolver : Found cycle for field 'sinceDate' in type 'Era' for path 'sinceDate -> era -> sinceDate'
2019-12-06 22:08:53.800  INFO 47556 --- [           main] o.s.s.concurrent.ThreadPoolTaskExecutor  : Initializing ExecutorService 'applicationTaskExecutor'
2019-12-06 22:08:54.315  INFO 47556 --- [           main] d.s.w.p.DocumentationPluginsBootstrapper : Context refreshed
2019-12-06 22:08:54.359  INFO 47556 --- [           main] d.s.w.p.DocumentationPluginsBootstrapper : Found 1 custom documentation plugin(s)
2019-12-06 22:08:54.395  INFO 47556 --- [           main] s.d.s.w.s.ApiListingReferenceScanner     : Scanning for api listing references
2019-12-06 22:08:55.179  INFO 47556 --- [           main] i.s.api.ApplySpecialApiControllerTest    : Started ApplySpecialApiControllerTest in 27.739 seconds (JVM running for 34.728)
2019-12-06 22:08:55.250  INFO 47556 --- [           main] org.mongodb.driver.connection            : Opened connection [connectionId{localValue:2, serverValue:44}] to localhost:27017
]]></system-out>
  </testcase>
  <testcase name="testApplySpecial_Failure_InvalidSpecial" classname="io.swagger.api.ApplySpecialApiControllerTest" time="0.014"/>
  <testcase name="testApplySpecial_Failure_SpecialAlreadyApplied" classname="io.swagger.api.ApplySpecialApiControllerTest" time="0.01"/>
  <testcase name="testApplySpecial_Failure_CartNotAtStore" classname="io.swagger.api.ApplySpecialApiControllerTest" time="0.01"/>
</testsuite>